生成启动时间为 2015/3/17 18:51:51。
     1>项目“C:\项目盘\游戏引擎\qlgame\platforms\win32\QLGame\QLGame\QLGame.vcxproj”在节点 2 上(Rebuild 个目标)。
     1>ClCompile:
         C:\Program Files (x86)\Microsoft Visual Studio 11.0\VC\bin\CL.exe /c /I"C:\项目盘\游戏引擎\qlgame\extend\FreeImage\Dist\x32" /I"C:\项目盘\游戏引擎\qlgame\extend\opengl\glut-3.7.6-bin" /ZI /nologo /W3 /WX- /Od /Oy- /D _MBCS /Gm /EHsc /RTC1 /MDd /GS /fp:precise /Zc:wchar_t /Zc:forScope /Fo"Debug\\" /Fd"Debug\vc110.pdb" /Gd /TP /analyze- /errorReport:prompt QLGame.cpp TextureManager.cpp
         TextureManager.cpp
     1>c:\项目盘\游戏引擎\qlgame\extend\freeimage\dist\x32\freeimage.h : warning C4819: 该文件包含不能在当前代码页(936)中表示的字符。请将该文件保存为 Unicode 格式以防止数据丢失
     1>c:\项目盘\游戏引擎\qlgame\platforms\win32\qlgame\qlgame\texturemanager.cpp(83): warning C4800: “GLuint”: 将值强制为布尔值“true”或“false”(性能警告)
     1>c:\项目盘\游戏引擎\qlgame\platforms\win32\qlgame\qlgame\texturemanager.cpp(49): warning C4101: “w”: 未引用的局部变量
     1>c:\项目盘\游戏引擎\qlgame\platforms\win32\qlgame\qlgame\texturemanager.cpp(49): warning C4101: “h”: 未引用的局部变量
     1>c:\项目盘\游戏引擎\qlgame\platforms\win32\qlgame\qlgame\texturemanager.cpp(50): warning C4101: “bpp”: 未引用的局部变量
     1>c:\项目盘\游戏引擎\qlgame\platforms\win32\qlgame\qlgame\texturemanager.cpp(48): warning C4101: “i”: 未引用的局部变量
     1>c:\项目盘\游戏引擎\qlgame\platforms\win32\qlgame\qlgame\texturemanager.cpp(47): warning C4101: “tmp_bit”: 未引用的局部变量
         QLGame.cpp
     1>c:\项目盘\游戏引擎\qlgame\extend\freeimage\dist\x32\freeimage.h : warning C4819: 该文件包含不能在当前代码页(936)中表示的字符。请将该文件保存为 Unicode 格式以防止数据丢失
         正在生成代码...
       Link:
         C:\Program Files (x86)\Microsoft Visual Studio 11.0\VC\bin\link.exe /ERRORREPORT:PROMPT /OUT:"C:\项目盘\游戏引擎\qlgame\platforms\win32\QLGame\Debug\QLGame.exe" /INCREMENTAL /NOLOGO /LIBPATH:"C:\项目盘\游戏引擎\qlgame\extend\opengl\glut-3.7.6-bin" /LIBPATH:"C:\项目盘\游戏引擎\qlgame\extend\FreeImage\Dist\x32" FreeImage.lib kernel32.lib user32.lib gdi32.lib winspool.lib comdlg32.lib advapi32.lib shell32.lib ole32.lib oleaut32.lib uuid.lib odbc32.lib odbccp32.lib /MANIFEST /MANIFESTUAC:"level='asInvoker' uiAccess='false'" /manifest:embed /DEBUG /PDB:"C:\项目盘\游戏引擎\qlgame\platforms\win32\QLGame\Debug\QLGame.pdb" /SUBSYSTEM:WINDOWS /TLBID:1 /ENTRY:"mainCRTStartup" /DYNAMICBASE /NXCOMPAT /IMPLIB:"C:\项目盘\游戏引擎\qlgame\platforms\win32\QLGame\Debug\QLGame.lib" /MACHINE:X86 Debug\QLGame.obj
         Debug\TextureManager.obj
         QLGame.vcxproj -> C:\项目盘\游戏引擎\qlgame\platforms\win32\QLGame\Debug\QLGame.exe
     1>已完成生成项目“C:\项目盘\游戏引擎\qlgame\platforms\win32\QLGame\QLGame\QLGame.vcxproj”(Rebuild 个目标)的操作。

生成成功。

已用时间 00:00:02.42
