C:\项目盘\游戏引擎\QLGAME\PLATFORMS\WIN32\QLGAME\QLGAME\DEBUG\QLGAME.OBJ
C:\项目盘\游戏引擎\QLGAME\PLATFORMS\WIN32\QLGAME\QLGAME\DEBUG\SPRITEBATCH.OBJ
C:\项目盘\游戏引擎\QLGAME\PLATFORMS\WIN32\QLGAME\QLGAME\DEBUG\TEXTUREMANAGER.OBJ
C:\项目盘\游戏引擎\QLGAME\PLATFORMS\WIN32\QLGAME\QLGAME\DEBUG\VC110.PDB
C:\项目盘\游戏引擎\QLGAME\PLATFORMS\WIN32\QLGAME\DEBUG\QLGAME.ILK
C:\项目盘\游戏引擎\QLGAME\PLATFORMS\WIN32\QLGAME\DEBUG\QLGAME.EXE
C:\项目盘\游戏引擎\QLGAME\PLATFORMS\WIN32\QLGAME\DEBUG\QLGAME.PDB
C:\项目盘\游戏引擎\qlgame\platforms\win32\QLGame\QLGame\Debug\QLGame.obj
C:\项目盘\游戏引擎\qlgame\platforms\win32\QLGame\QLGame\Debug\SpriteBatch.obj
C:\项目盘\游戏引擎\qlgame\platforms\win32\QLGame\QLGame\Debug\TextureManager.obj
C:\项目盘\游戏引擎\qlgame\platforms\win32\QLGame\QLGame\Debug\cl.command.1.tlog
C:\项目盘\游戏引擎\qlgame\platforms\win32\QLGame\QLGame\Debug\CL.read.1.tlog
C:\项目盘\游戏引擎\qlgame\platforms\win32\QLGame\QLGame\Debug\CL.write.1.tlog
C:\项目盘\游戏引擎\qlgame\platforms\win32\QLGame\QLGame\Debug\link-cvtres.read.1.tlog
C:\项目盘\游戏引擎\qlgame\platforms\win32\QLGame\QLGame\Debug\link-cvtres.write.1.tlog
C:\项目盘\游戏引擎\qlgame\platforms\win32\QLGame\QLGame\Debug\link-rc.read.1.tlog
C:\项目盘\游戏引擎\qlgame\platforms\win32\QLGame\QLGame\Debug\link-rc.write.1.tlog
C:\项目盘\游戏引擎\qlgame\platforms\win32\QLGame\QLGame\Debug\link.8060-cvtres.read.1.tlog
C:\项目盘\游戏引擎\qlgame\platforms\win32\QLGame\QLGame\Debug\link.8060-cvtres.write.1.tlog
C:\项目盘\游戏引擎\qlgame\platforms\win32\QLGame\QLGame\Debug\link.8060-rc.read.1.tlog
C:\项目盘\游戏引擎\qlgame\platforms\win32\QLGame\QLGame\Debug\link.8060-rc.write.1.tlog
C:\项目盘\游戏引擎\qlgame\platforms\win32\QLGame\QLGame\Debug\link.8060.read.1.tlog
C:\项目盘\游戏引擎\qlgame\platforms\win32\QLGame\QLGame\Debug\link.8060.write.1.tlog
C:\项目盘\游戏引擎\qlgame\platforms\win32\QLGame\QLGame\Debug\link.command.1.tlog
C:\项目盘\游戏引擎\qlgame\platforms\win32\QLGame\QLGame\Debug\link.read.1.tlog
C:\项目盘\游戏引擎\qlgame\platforms\win32\QLGame\QLGame\Debug\link.write.1.tlog
C:\项目盘\游戏引擎\qlgame\platforms\win32\QLGame\QLGame\Debug\vc110.idb
C:\项目盘\游戏引擎\qlgame\platforms\win32\QLGame\QLGame\Debug\vc110.pdb
C:\项目盘\游戏引擎\qlgame\platforms\win32\QLGame\Debug\QLGame.pdb
C:\项目盘\游戏引擎\qlgame\platforms\win32\QLGame\Debug\QLGame.exe
C:\项目盘\游戏引擎\qlgame\platforms\win32\QLGame\Debug\QLGame.ilk
